<?xml version="1.0" encoding="UTF-8"?>
<!-- Generated by org.testng.reporters.JUnitReportReporter -->
<testsuite hostname="VanEm-PC" name="test.TestAddNewAcc" tests="1" failures="0" timestamp="17 Jun 2016 23:35:57 GMT" time="15.277" errors="0">
  <testcase name="testAddNewAcc" time="15.277" classname="test.TestAddNewAcc"/>
</testsuite> <!-- test.TestAddNewAcc -->
