<?xml version="1.0" encoding="UTF-8"?>
<!-- Generated by org.testng.reporters.JUnitReportReporter -->
<testsuite hostname="VanEm-PC" name="day4.LoginDNamExcel" tests="4" failures="0" timestamp="12 Jun 2016 08:31:17 GMT" time="40.378" errors="0">
  <testcase name="testCase04" time="13.845" classname="day4.LoginDNamExcel"/>
  <testcase name="testCase04" time="10.235" classname="day4.LoginDNamExcel"/>
  <testcase name="testCase04" time="8.192" classname="day4.LoginDNamExcel"/>
  <testcase name="testCase04" time="8.106" classname="day4.LoginDNamExcel"/>
</testsuite> <!-- day4.LoginDNamExcel -->
