<?xml version="1.0" encoding="UTF-8"?>
<!-- Generated by org.testng.reporters.JUnitReportReporter -->
<testsuite hostname="VanEm-PC" name="day4.LoginBank" tests="4" failures="0" timestamp="8 Jun 2016 18:15:37 GMT" time="31.183" errors="0">
  <testcase name="testVerifyUserId" time="8.409" classname="day4.LoginBank"/>
  <testcase name="testLoginSucess" time="8.402" classname="day4.LoginBank"/>
  <testcase name="testVerifyPass" time="7.601" classname="day4.LoginBank"/>
  <testcase name="testVerifyUserIdPass" time="6.771" classname="day4.LoginBank"/>
</testsuite> <!-- day4.LoginBank -->
