<?xml version="1.0" encoding="UTF-8"?>
<!-- Generated by org.testng.reporters.JUnitReportReporter -->
<testsuite hostname="VanEm-PC" name="TestUser.AddUser" tests="1" failures="0" timestamp="11 Jun 2016 17:18:59 GMT" time="27.861" errors="0">
  <testcase name="addUser" time="27.861" classname="TestUser.AddUser"/>
</testsuite> <!-- TestUser.AddUser -->
