<?xml version="1.0" encoding="UTF-8"?>
<!-- Generated by org.testng.reporters.JUnitReportReporter -->
<testsuite hostname="VanEm-PC" name="TestPlugin.InstallPlugin" tests="1" failures="0" timestamp="11 Jun 2016 16:28:05 GMT" time="48.522" errors="0">
  <testcase name="installPlugin" time="48.522" classname="TestPlugin.InstallPlugin"/>
</testsuite> <!-- TestPlugin.InstallPlugin -->
