<?xml version="1.0" encoding="UTF-8"?>
<!-- Generated by org.testng.reporters.JUnitReportReporter -->
<testsuite hostname="VanEm-PC" name="TestPlugin.DeactivePlugin" tests="2" failures="0" timestamp="11 Jun 2016 16:35:18 GMT" time="30.090" errors="0">
  <testcase name="deactivePlugin" time="16.995" classname="TestPlugin.DeactivePlugin"/>
  <testcase name="deletePlugin" time="13.095" classname="TestPlugin.DeactivePlugin"/>
</testsuite> <!-- TestPlugin.DeactivePlugin -->
