<?xml version="1.0" encoding="UTF-8"?>
<!-- Generated by org.testng.reporters.JUnitReportReporter -->
<testsuite hostname="VanEm-PC" name="Test.DigitestLogin" tests="1" failures="0" timestamp="11 Jun 2016 02:35:45 GMT" time="48.285" errors="0">
  <testcase name="AddPlugin" time="48.285" classname="Test.DigitestLogin"/>
</testsuite> <!-- Test.DigitestLogin -->
