<?xml version="1.0" encoding="UTF-8"?>
<!-- Generated by org.testng.reporters.JUnitReportReporter -->
<testsuite hostname="VanEm-PC" name="Test.InstallPlugin" tests="1" failures="0" timestamp="11 Jun 2016 02:42:02 GMT" time="16.580" errors="0">
  <testcase name="AddPlugin" time="16.580" classname="Test.InstallPlugin"/>
</testsuite> <!-- Test.InstallPlugin -->
