<?xml version="1.0" encoding="UTF-8"?>
<!-- Generated by org.testng.reporters.JUnitReportReporter -->
<testsuite hostname="VanEm-PC" name="Test.ChromeLogin" tests="4" failures="0" timestamp="8 Jun 2016 17:04:10 GMT" time="24.918" errors="0">
  <testcase name="verifyUsername" time="1.441" classname="Test.ChromeLogin"/>
  <testcase name="verifyLogin" time="7.529" classname="Test.ChromeLogin"/>
  <testcase name="verifyPass" time="14.163" classname="Test.ChromeLogin"/>
  <testcase name="verifyUsernamePass" time="1.785" classname="Test.ChromeLogin"/>
</testsuite> <!-- Test.ChromeLogin -->
