<?xml version="1.0" encoding="UTF-8"?>
<!-- Generated by org.testng.reporters.JUnitReportReporter -->
<testsuite hostname="VanEm-PC" name="test.ChangeSetting" tests="1" failures="0" timestamp="26 Jun 2016 04:09:36 GMT" time="61.422" errors="0">
  <testcase name="doChangeSetting" time="61.422" classname="test.ChangeSetting"/>
</testsuite> <!-- test.ChangeSetting -->
